<?xml version="1.0" encoding="UTF-8"?>
<!-- Generated by org.testng.reporters.JUnitReportReporter -->
<testsuite skipped="0" hostname="LAPTOP-BKNNN7A8" name="com.spotify.tests.PlaylistTests" tests="5" failures="0" timestamp="2022-04-14T19:20:06 IST" time="16.341" errors="0">
  <testcase name="CreatePlaylist" time="3.503" classname="com.spotify.tests.PlaylistTests"/>
  <system-out/>
  <testcase name="UpdatePlaylist" time="3.451" classname="com.spotify.tests.PlaylistTests"/>
  <system-out/>
  <testcase name="CreatePlaylistWithExpiredToken" time="2.589" classname="com.spotify.tests.PlaylistTests"/>
  <system-out/>
  <testcase name="GetPlaylist" time="3.423" classname="com.spotify.tests.PlaylistTests"/>
  <system-out/>
  <testcase name="CreatePlaylistWithoutName" time="3.375" classname="com.spotify.tests.PlaylistTests"/>
  <system-out/>
</testsuite> <!-- com.spotify.tests.PlaylistTests -->
